<?xml version="1.0" encoding="UTF-8"?>
<testsuite name="memory.MemoryFinderTest" tests="1" skipped="0" failures="0" errors="0" timestamp="2023-05-11T01:40:31" hostname="jeongjinmug-ui-MacBookPro-2.local" time="0.049">
  <properties/>
  <testcase name="get()" classname="memory.MemoryFinderTest" time="0.049"/>
  <system-out><![CDATA[memory = Memory{used=12510720, max=536870912}
]]></system-out>
  <system-err><![CDATA[]]></system-err>
</testsuite>
